This file contains any messages produced by compilers while
running configure, to aid debugging if configure makes a mistake.

It was created by consumer configure 2, which was
generated by GNU Autoconf 2.67.  Invocation command line was

  $ ../configure --prefix /home/dsv/prefix/npldp PKG_CONFIG_PATH=:/home/dsv/prefix/npldp/lib/pkgconfig --no-create --no-recursion

## --------- ##
## Platform. ##
## --------- ##

hostname = dsv-PowerEdge-860
uname -m = i686
uname -r = 2.6.38-11-generic
uname -s = Linux
uname -v = #48-Ubuntu SMP Fri Jul 29 19:05:14 UTC 2011

/usr/bin/uname -p = unknown
/bin/uname -X     = unknown

/bin/arch              = unknown
/usr/bin/arch -k       = unknown
/usr/convex/getsysinfo = unknown
/usr/bin/hostinfo      = unknown
/bin/machine           = unknown
/usr/bin/oslevel       = unknown
/bin/universe          = unknown

PATH: /usr/local/sbin
PATH: /usr/local/bin
PATH: /usr/sbin
PATH: /usr/bin
PATH: /sbin
PATH: /bin


## ----------- ##
## Core tests. ##
## ----------- ##

configure:2551: checking for a BSD-compatible install
configure:2619: result: /usr/bin/install -c
configure:2630: checking whether build environment is sane
configure:2680: result: yes
configure:2821: checking for a thread-safe mkdir -p
configure:2860: result: /bin/mkdir -p
configure:2873: checking for gawk
configure:2903: result: no
configure:2873: checking for mawk
configure:2889: found /usr/bin/mawk
configure:2900: result: mawk
configure:2911: checking whether make sets $(MAKE)
configure:2933: result: yes
configure:3043: checking for style of include used by make
configure:3071: result: GNU
configure:3141: checking for gcc
configure:3157: found /usr/bin/gcc
configure:3168: result: gcc
configure:3397: checking for C compiler version
configure:3406: gcc --version >&5
gcc (Ubuntu/Linaro 4.5.2-8ubuntu4) 4.5.2
Copyright (C) 2010 Free Software Foundation, Inc.
This is free software; see the source for copying conditions.  There is NO
warranty; not even for MERCHANTABILITY or FITNESS FOR A PARTICULAR PURPOSE.

configure:3417: $? = 0
configure:3406: gcc -v >&5
Using built-in specs.
COLLECT_GCC=gcc
COLLECT_LTO_WRAPPER=/usr/lib/i386-linux-gnu/gcc/i686-linux-gnu/4.5.2/lto-wrapper
Target: i686-linux-gnu
Configured with: ../src/configure -v --with-pkgversion='Ubuntu/Linaro 4.5.2-8ubuntu4' --with-bugurl=file:///usr/share/doc/gcc-4.5/README.Bugs --enable-languages=c,c++,fortran,objc,obj-c++ --prefix=/usr --program-suffix=-4.5 --enable-shared --enable-multiarch --with-multiarch-defaults=i386-linux-gnu --enable-linker-build-id --with-system-zlib --libexecdir=/usr/lib/i386-linux-gnu --without-included-gettext --enable-threads=posix --with-gxx-include-dir=/usr/include/c++/4.5 --libdir=/usr/lib/i386-linux-gnu --enable-nls --with-sysroot=/ --enable-clocale=gnu --enable-libstdcxx-debug --enable-libstdcxx-time=yes --enable-plugin --enable-gold --enable-ld=default --with-plugin-ld=ld.gold --enable-objc-gc --enable-targets=all --disable-werror --with-arch-32=i686 --with-tune=generic --enable-checking=release --build=i686-linux-gnu --host=i686-linux-gnu --target=i686-linux-gnu
Thread model: posix
gcc version 4.5.2 (Ubuntu/Linaro 4.5.2-8ubuntu4) 
configure:3417: $? = 0
configure:3406: gcc -V >&5
gcc: '-V' option must have argument
configure:3417: $? = 1
configure:3406: gcc -qversion >&5
gcc: unrecognized option '-qversion'
gcc: no input files
configure:3417: $? = 1
configure:3437: checking whether the C compiler works
configure:3459: gcc    conftest.c  >&5
configure:3463: $? = 0
configure:3511: result: yes
configure:3514: checking for C compiler default output file name
configure:3516: result: a.out
configure:3522: checking for suffix of executables
configure:3529: gcc -o conftest    conftest.c  >&5
configure:3533: $? = 0
configure:3555: result: 
configure:3577: checking whether we are cross compiling
configure:3585: gcc -o conftest    conftest.c  >&5
configure:3589: $? = 0
configure:3596: ./conftest
configure:3600: $? = 0
configure:3615: result: no
configure:3620: checking for suffix of object files
configure:3642: gcc -c   conftest.c >&5
configure:3646: $? = 0
configure:3667: result: o
configure:3671: checking whether we are using the GNU C compiler
configure:3690: gcc -c   conftest.c >&5
configure:3690: $? = 0
configure:3699: result: yes
configure:3708: checking whether gcc accepts -g
configure:3728: gcc -c -g  conftest.c >&5
configure:3728: $? = 0
configure:3769: result: yes
configure:3786: checking for gcc option to accept ISO C89
configure:3850: gcc  -c -g -O2  conftest.c >&5
configure:3850: $? = 0
configure:3863: result: none needed
configure:3885: checking dependency style of gcc
configure:3995: result: gcc3
configure:4011: checking whether gcc and cc understand -c and -o together
configure:4042: gcc -c conftest.c -o conftest2.o >&5
configure:4046: $? = 0
configure:4052: gcc -c conftest.c -o conftest2.o >&5
configure:4056: $? = 0
configure:4067: cc -c conftest.c >&5
configure:4071: $? = 0
configure:4079: cc -c conftest.c -o conftest2.o >&5
configure:4083: $? = 0
configure:4089: cc -c conftest.c -o conftest2.o >&5
configure:4093: $? = 0
configure:4111: result: yes
configure:4121: checking for gcc option to accept ISO C99
configure:4270: gcc  -c -g -O2  conftest.c >&5
conftest.c:61:29: error: expected ';', ',' or ')' before 'text'
conftest.c: In function 'main':
conftest.c:115:18: error: expected '=', ',', ';', 'asm' or '__attribute__' before 'newvar'
conftest.c:115:18: error: 'newvar' undeclared (first use in this function)
conftest.c:115:18: note: each undeclared identifier is reported only once for each function it appears in
conftest.c:125:3: error: 'for' loop initial declarations are only allowed in C99 mode
conftest.c:125:3: note: use option -std=c99 or -std=gnu99 to compile your code
configure:4270: $? = 1
configure: failed program was:
| /* confdefs.h */
| #define PACKAGE_NAME "consumer"
| #define PACKAGE_TARNAME "consumer"
| #define PACKAGE_VERSION "2"
| #define PACKAGE_STRING "consumer 2"
| #define PACKAGE_BUGREPORT "dsv@bth.se"
| #define PACKAGE_URL ""
| #define PACKAGE "consumer"
| #define VERSION "2"
| /* end confdefs.h.  */
| #include <stdarg.h>
| #include <stdbool.h>
| #include <stdlib.h>
| #include <wchar.h>
| #include <stdio.h>
| 
| // Check varargs macros.  These examples are taken from C99 6.10.3.5.
| #define debug(...) fprintf (stderr, __VA_ARGS__)
| #define showlist(...) puts (#__VA_ARGS__)
| #define report(test,...) ((test) ? puts (#test) : printf (__VA_ARGS__))
| static void
| test_varargs_macros (void)
| {
|   int x = 1234;
|   int y = 5678;
|   debug ("Flag");
|   debug ("X = %d\n", x);
|   showlist (The first, second, and third items.);
|   report (x>y, "x is %d but y is %d", x, y);
| }
| 
| // Check long long types.
| #define BIG64 18446744073709551615ull
| #define BIG32 4294967295ul
| #define BIG_OK (BIG64 / BIG32 == 4294967297ull && BIG64 % BIG32 == 0)
| #if !BIG_OK
|   your preprocessor is broken;
| #endif
| #if BIG_OK
| #else
|   your preprocessor is broken;
| #endif
| static long long int bignum = -9223372036854775807LL;
| static unsigned long long int ubignum = BIG64;
| 
| struct incomplete_array
| {
|   int datasize;
|   double data[];
| };
| 
| struct named_init {
|   int number;
|   const wchar_t *name;
|   double average;
| };
| 
| typedef const char *ccp;
| 
| static inline int
| test_restrict (ccp restrict text)
| {
|   // See if C++-style comments work.
|   // Iterate through items via the restricted pointer.
|   // Also check for declarations in for loops.
|   for (unsigned int i = 0; *(text+i) != '\0'; ++i)
|     continue;
|   return 0;
| }
| 
| // Check varargs and va_copy.
| static void
| test_varargs (const char *format, ...)
| {
|   va_list args;
|   va_start (args, format);
|   va_list args_copy;
|   va_copy (args_copy, args);
| 
|   const char *str;
|   int number;
|   float fnumber;
| 
|   while (*format)
|     {
|       switch (*format++)
| 	{
| 	case 's': // string
| 	  str = va_arg (args_copy, const char *);
| 	  break;
| 	case 'd': // int
| 	  number = va_arg (args_copy, int);
| 	  break;
| 	case 'f': // float
| 	  fnumber = va_arg (args_copy, double);
| 	  break;
| 	default:
| 	  break;
| 	}
|     }
|   va_end (args_copy);
|   va_end (args);
| }
| 
| int
| main ()
| {
| 
|   // Check bool.
|   _Bool success = false;
| 
|   // Check restrict.
|   if (test_restrict ("String literal") == 0)
|     success = true;
|   char *restrict newvar = "Another string";
| 
|   // Check varargs.
|   test_varargs ("s, d' f .", "string", 65, 34.234);
|   test_varargs_macros ();
| 
|   // Check flexible array members.
|   struct incomplete_array *ia =
|     malloc (sizeof (struct incomplete_array) + (sizeof (double) * 10));
|   ia->datasize = 10;
|   for (int i = 0; i < ia->datasize; ++i)
|     ia->data[i] = i * 1.234;
| 
|   // Check named initializers.
|   struct named_init ni = {
|     .number = 34,
|     .name = L"Test wide string",
|     .average = 543.34343,
|   };
| 
|   ni.number = 58;
| 
|   int dynamic_array[ni.number];
|   dynamic_array[ni.number - 1] = 543;
| 
|   // work around unused variable warnings
|   return (!success || bignum == 0LL || ubignum == 0uLL || newvar[0] == 'x'
| 	  || dynamic_array[ni.number - 1] != 543);
| 
|   ;
|   return 0;
| }
configure:4270: gcc -std=gnu99 -c -g -O2  conftest.c >&5
configure:4270: $? = 0
configure:4290: result: -std=gnu99
configure:4356: checking for g++
configure:4372: found /usr/bin/g++
configure:4383: result: g++
configure:4410: checking for C++ compiler version
configure:4419: g++ --version >&5
g++ (Ubuntu/Linaro 4.5.2-8ubuntu4) 4.5.2
Copyright (C) 2010 Free Software Foundation, Inc.
This is free software; see the source for copying conditions.  There is NO
warranty; not even for MERCHANTABILITY or FITNESS FOR A PARTICULAR PURPOSE.

configure:4430: $? = 0
configure:4419: g++ -v >&5
Using built-in specs.
COLLECT_GCC=g++
COLLECT_LTO_WRAPPER=/usr/lib/i386-linux-gnu/gcc/i686-linux-gnu/4.5.2/lto-wrapper
Target: i686-linux-gnu
Configured with: ../src/configure -v --with-pkgversion='Ubuntu/Linaro 4.5.2-8ubuntu4' --with-bugurl=file:///usr/share/doc/gcc-4.5/README.Bugs --enable-languages=c,c++,fortran,objc,obj-c++ --prefix=/usr --program-suffix=-4.5 --enable-shared --enable-multiarch --with-multiarch-defaults=i386-linux-gnu --enable-linker-build-id --with-system-zlib --libexecdir=/usr/lib/i386-linux-gnu --without-included-gettext --enable-threads=posix --with-gxx-include-dir=/usr/include/c++/4.5 --libdir=/usr/lib/i386-linux-gnu --enable-nls --with-sysroot=/ --enable-clocale=gnu --enable-libstdcxx-debug --enable-libstdcxx-time=yes --enable-plugin --enable-gold --enable-ld=default --with-plugin-ld=ld.gold --enable-objc-gc --enable-targets=all --disable-werror --with-arch-32=i686 --with-tune=generic --enable-checking=release --build=i686-linux-gnu --host=i686-linux-gnu --target=i686-linux-gnu
Thread model: posix
gcc version 4.5.2 (Ubuntu/Linaro 4.5.2-8ubuntu4) 
configure:4430: $? = 0
configure:4419: g++ -V >&5
g++: '-V' option must have argument
configure:4430: $? = 1
configure:4419: g++ -qversion >&5
g++: unrecognized option '-qversion'
g++: no input files
configure:4430: $? = 1
configure:4434: checking whether we are using the GNU C++ compiler
configure:4453: g++ -c   conftest.cpp >&5
configure:4453: $? = 0
configure:4462: result: yes
configure:4471: checking whether g++ accepts -g
configure:4491: g++ -c -g  conftest.cpp >&5
configure:4491: $? = 0
configure:4532: result: yes
configure:4557: checking dependency style of g++
configure:4667: result: gcc3
configure:4688: checking how to run the C preprocessor
configure:4719: gcc -std=gnu99 -E  conftest.c
configure:4719: $? = 0
configure:4733: gcc -std=gnu99 -E  conftest.c
conftest.c:11:28: fatal error: ac_nonexistent.h: No such file or directory
compilation terminated.
configure:4733: $? = 1
configure: failed program was:
| /* confdefs.h */
| #define PACKAGE_NAME "consumer"
| #define PACKAGE_TARNAME "consumer"
| #define PACKAGE_VERSION "2"
| #define PACKAGE_STRING "consumer 2"
| #define PACKAGE_BUGREPORT "dsv@bth.se"
| #define PACKAGE_URL ""
| #define PACKAGE "consumer"
| #define VERSION "2"
| /* end confdefs.h.  */
| #include <ac_nonexistent.h>
configure:4758: result: gcc -std=gnu99 -E
configure:4778: gcc -std=gnu99 -E  conftest.c
configure:4778: $? = 0
configure:4792: gcc -std=gnu99 -E  conftest.c
conftest.c:11:28: fatal error: ac_nonexistent.h: No such file or directory
compilation terminated.
configure:4792: $? = 1
configure: failed program was:
| /* confdefs.h */
| #define PACKAGE_NAME "consumer"
| #define PACKAGE_TARNAME "consumer"
| #define PACKAGE_VERSION "2"
| #define PACKAGE_STRING "consumer 2"
| #define PACKAGE_BUGREPORT "dsv@bth.se"
| #define PACKAGE_URL ""
| #define PACKAGE "consumer"
| #define VERSION "2"
| /* end confdefs.h.  */
| #include <ac_nonexistent.h>
configure:4821: checking for grep that handles long lines and -e
configure:4879: result: /bin/grep
configure:4884: checking for egrep
configure:4946: result: /bin/grep -E
configure:4951: checking for ANSI C header files
configure:4971: gcc -std=gnu99 -c -g -O2  conftest.c >&5
configure:4971: $? = 0
configure:5044: gcc -std=gnu99 -o conftest -g -O2   conftest.c  >&5
configure:5044: $? = 0
configure:5044: ./conftest
configure:5044: $? = 0
configure:5055: result: yes
configure:5068: checking for sys/types.h
configure:5068: gcc -std=gnu99 -c -g -O2  conftest.c >&5
configure:5068: $? = 0
configure:5068: result: yes
configure:5068: checking for sys/stat.h
configure:5068: gcc -std=gnu99 -c -g -O2  conftest.c >&5
configure:5068: $? = 0
configure:5068: result: yes
configure:5068: checking for stdlib.h
configure:5068: gcc -std=gnu99 -c -g -O2  conftest.c >&5
configure:5068: $? = 0
configure:5068: result: yes
configure:5068: checking for string.h
configure:5068: gcc -std=gnu99 -c -g -O2  conftest.c >&5
configure:5068: $? = 0
configure:5068: result: yes
configure:5068: checking for memory.h
configure:5068: gcc -std=gnu99 -c -g -O2  conftest.c >&5
configure:5068: $? = 0
configure:5068: result: yes
configure:5068: checking for strings.h
configure:5068: gcc -std=gnu99 -c -g -O2  conftest.c >&5
configure:5068: $? = 0
configure:5068: result: yes
configure:5068: checking for inttypes.h
configure:5068: gcc -std=gnu99 -c -g -O2  conftest.c >&5
configure:5068: $? = 0
configure:5068: result: yes
configure:5068: checking for stdint.h
configure:5068: gcc -std=gnu99 -c -g -O2  conftest.c >&5
configure:5068: $? = 0
configure:5068: result: yes
configure:5068: checking for unistd.h
configure:5068: gcc -std=gnu99 -c -g -O2  conftest.c >&5
configure:5068: $? = 0
configure:5068: result: yes
configure:5081: checking minix/config.h usability
configure:5081: gcc -std=gnu99 -c -g -O2  conftest.c >&5
conftest.c:54:26: fatal error: minix/config.h: No such file or directory
compilation terminated.
configure:5081: $? = 1
configure: failed program was:
| /* confdefs.h */
| #define PACKAGE_NAME "consumer"
| #define PACKAGE_TARNAME "consumer"
| #define PACKAGE_VERSION "2"
| #define PACKAGE_STRING "consumer 2"
| #define PACKAGE_BUGREPORT "dsv@bth.se"
| #define PACKAGE_URL ""
| #define PACKAGE "consumer"
| #define VERSION "2"
| #define STDC_HEADERS 1
| #define HAVE_SYS_TYPES_H 1
| #define HAVE_SYS_STAT_H 1
| #define HAVE_STDLIB_H 1
| #define HAVE_STRING_H 1
| #define HAVE_MEMORY_H 1
| #define HAVE_STRINGS_H 1
| #define HAVE_INTTYPES_H 1
| #define HAVE_STDINT_H 1
| #define HAVE_UNISTD_H 1
| /* end confdefs.h.  */
| #include <stdio.h>
| #ifdef HAVE_SYS_TYPES_H
| # include <sys/types.h>
| #endif
| #ifdef HAVE_SYS_STAT_H
| # include <sys/stat.h>
| #endif
| #ifdef STDC_HEADERS
| # include <stdlib.h>
| # include <stddef.h>
| #else
| # ifdef HAVE_STDLIB_H
| #  include <stdlib.h>
| # endif
| #endif
| #ifdef HAVE_STRING_H
| # if !defined STDC_HEADERS && defined HAVE_MEMORY_H
| #  include <memory.h>
| # endif
| # include <string.h>
| #endif
| #ifdef HAVE_STRINGS_H
| # include <strings.h>
| #endif
| #ifdef HAVE_INTTYPES_H
| # include <inttypes.h>
| #endif
| #ifdef HAVE_STDINT_H
| # include <stdint.h>
| #endif
| #ifdef HAVE_UNISTD_H
| # include <unistd.h>
| #endif
| #include <minix/config.h>
configure:5081: result: no
configure:5081: checking minix/config.h presence
configure:5081: gcc -std=gnu99 -E  conftest.c
conftest.c:21:26: fatal error: minix/config.h: No such file or directory
compilation terminated.
configure:5081: $? = 1
configure: failed program was:
| /* confdefs.h */
| #define PACKAGE_NAME "consumer"
| #define PACKAGE_TARNAME "consumer"
| #define PACKAGE_VERSION "2"
| #define PACKAGE_STRING "consumer 2"
| #define PACKAGE_BUGREPORT "dsv@bth.se"
| #define PACKAGE_URL ""
| #define PACKAGE "consumer"
| #define VERSION "2"
| #define STDC_HEADERS 1
| #define HAVE_SYS_TYPES_H 1
| #define HAVE_SYS_STAT_H 1
| #define HAVE_STDLIB_H 1
| #define HAVE_STRING_H 1
| #define HAVE_MEMORY_H 1
| #define HAVE_STRINGS_H 1
| #define HAVE_INTTYPES_H 1
| #define HAVE_STDINT_H 1
| #define HAVE_UNISTD_H 1
| /* end confdefs.h.  */
| #include <minix/config.h>
configure:5081: result: no
configure:5081: checking for minix/config.h
configure:5081: result: no
configure:5102: checking whether it is safe to define __EXTENSIONS__
configure:5120: gcc -std=gnu99 -c -g -O2  conftest.c >&5
configure:5120: $? = 0
configure:5127: result: yes
configure:5171: checking build system type
configure:5185: result: i686-pc-linux-gnu
configure:5205: checking host system type
configure:5218: result: i686-pc-linux-gnu
configure:5238: checking for a sed that does not truncate output
configure:5302: result: /bin/sed
configure:5320: checking for fgrep
configure:5382: result: /bin/grep -F
configure:5417: checking for ld used by gcc -std=gnu99
configure:5484: result: /usr/bin/ld
configure:5491: checking if the linker (/usr/bin/ld) is GNU ld
configure:5506: result: yes
configure:5518: checking for BSD- or MS-compatible name lister (nm)
configure:5567: result: /usr/bin/nm -B
configure:5685: checking the name lister (/usr/bin/nm -B) interface
configure:5692: gcc -std=gnu99 -c -g -O2  conftest.c >&5
configure:5695: /usr/bin/nm -B "conftest.o"
configure:5698: output
00000000 B some_variable
configure:5705: result: BSD nm
configure:5708: checking whether ln -s works
configure:5712: result: yes
configure:5720: checking the maximum length of command line arguments
configure:5840: result: 805306365
configure:5857: checking whether the shell understands some XSI constructs
configure:5867: result: yes
configure:5871: checking whether the shell understands "+="
configure:5877: result: yes
configure:5912: checking for /usr/bin/ld option to reload object files
configure:5919: result: -r
configure:5988: checking for objdump
configure:6004: found /usr/bin/objdump
configure:6015: result: objdump
configure:6047: checking how to recognize dependent libraries
configure:6243: result: pass_all
configure:6303: checking for ar
configure:6319: found /usr/bin/ar
configure:6330: result: ar
configure:6408: checking for strip
configure:6424: found /usr/bin/strip
configure:6435: result: strip
configure:6507: checking for ranlib
configure:6523: found /usr/bin/ranlib
configure:6534: result: ranlib
configure:6624: checking command to parse /usr/bin/nm -B output from gcc -std=gnu99 object
configure:6742: gcc -std=gnu99 -c -g -O2  conftest.c >&5
configure:6745: $? = 0
configure:6749: /usr/bin/nm -B conftest.o \| sed -n -e 's/^.*[	 ]\([ABCDGIRSTW][ABCDGIRSTW]*\)[	 ][	 ]*\([_A-Za-z][_A-Za-z0-9]*\)$/\1 \2 \2/p' \> conftest.nm
configure:6752: $? = 0
configure:6806: gcc -std=gnu99 -o conftest -g -O2   conftest.c conftstm.o >&5
configure:6809: $? = 0
configure:6847: result: ok
configure:7652: checking for dlfcn.h
configure:7652: gcc -std=gnu99 -c -g -O2  conftest.c >&5
configure:7652: $? = 0
configure:7652: result: yes
configure:7777: checking for C++ compiler version
configure:7786: g++ --version >&5
g++ (Ubuntu/Linaro 4.5.2-8ubuntu4) 4.5.2
Copyright (C) 2010 Free Software Foundation, Inc.
This is free software; see the source for copying conditions.  There is NO
warranty; not even for MERCHANTABILITY or FITNESS FOR A PARTICULAR PURPOSE.

configure:7797: $? = 0
configure:7786: g++ -v >&5
Using built-in specs.
COLLECT_GCC=g++
COLLECT_LTO_WRAPPER=/usr/lib/i386-linux-gnu/gcc/i686-linux-gnu/4.5.2/lto-wrapper
Target: i686-linux-gnu
Configured with: ../src/configure -v --with-pkgversion='Ubuntu/Linaro 4.5.2-8ubuntu4' --with-bugurl=file:///usr/share/doc/gcc-4.5/README.Bugs --enable-languages=c,c++,fortran,objc,obj-c++ --prefix=/usr --program-suffix=-4.5 --enable-shared --enable-multiarch --with-multiarch-defaults=i386-linux-gnu --enable-linker-build-id --with-system-zlib --libexecdir=/usr/lib/i386-linux-gnu --without-included-gettext --enable-threads=posix --with-gxx-include-dir=/usr/include/c++/4.5 --libdir=/usr/lib/i386-linux-gnu --enable-nls --with-sysroot=/ --enable-clocale=gnu --enable-libstdcxx-debug --enable-libstdcxx-time=yes --enable-plugin --enable-gold --enable-ld=default --with-plugin-ld=ld.gold --enable-objc-gc --enable-targets=all --disable-werror --with-arch-32=i686 --with-tune=generic --enable-checking=release --build=i686-linux-gnu --host=i686-linux-gnu --target=i686-linux-gnu
Thread model: posix
gcc version 4.5.2 (Ubuntu/Linaro 4.5.2-8ubuntu4) 
configure:7797: $? = 0
configure:7786: g++ -V >&5
g++: '-V' option must have argument
configure:7797: $? = 1
configure:7786: g++ -qversion >&5
g++: unrecognized option '-qversion'
g++: no input files
configure:7797: $? = 1
configure:7801: checking whether we are using the GNU C++ compiler
configure:7829: result: yes
configure:7838: checking whether g++ accepts -g
configure:7899: result: yes
configure:7924: checking dependency style of g++
configure:8034: result: gcc3
configure:8057: checking how to run the C++ preprocessor
configure:8084: g++ -E  conftest.cpp
configure:8084: $? = 0
configure:8098: g++ -E  conftest.cpp
conftest.cpp:27:28: fatal error: ac_nonexistent.h: No such file or directory
compilation terminated.
configure:8098: $? = 1
configure: failed program was:
| /* confdefs.h */
| #define PACKAGE_NAME "consumer"
| #define PACKAGE_TARNAME "consumer"
| #define PACKAGE_VERSION "2"
| #define PACKAGE_STRING "consumer 2"
| #define PACKAGE_BUGREPORT "dsv@bth.se"
| #define PACKAGE_URL ""
| #define PACKAGE "consumer"
| #define VERSION "2"
| #define STDC_HEADERS 1
| #define HAVE_SYS_TYPES_H 1
| #define HAVE_SYS_STAT_H 1
| #define HAVE_STDLIB_H 1
| #define HAVE_STRING_H 1
| #define HAVE_MEMORY_H 1
| #define HAVE_STRINGS_H 1
| #define HAVE_INTTYPES_H 1
| #define HAVE_STDINT_H 1
| #define HAVE_UNISTD_H 1
| #define __EXTENSIONS__ 1
| #define _ALL_SOURCE 1
| #define _GNU_SOURCE 1
| #define _POSIX_PTHREAD_SEMANTICS 1
| #define _TANDEM_SOURCE 1
| #define HAVE_DLFCN_H 1
| /* end confdefs.h.  */
| #include <ac_nonexistent.h>
configure:8123: result: g++ -E
configure:8143: g++ -E  conftest.cpp
configure:8143: $? = 0
configure:8157: g++ -E  conftest.cpp
conftest.cpp:27:28: fatal error: ac_nonexistent.h: No such file or directory
compilation terminated.
configure:8157: $? = 1
configure: failed program was:
| /* confdefs.h */
| #define PACKAGE_NAME "consumer"
| #define PACKAGE_TARNAME "consumer"
| #define PACKAGE_VERSION "2"
| #define PACKAGE_STRING "consumer 2"
| #define PACKAGE_BUGREPORT "dsv@bth.se"
| #define PACKAGE_URL ""
| #define PACKAGE "consumer"
| #define VERSION "2"
| #define STDC_HEADERS 1
| #define HAVE_SYS_TYPES_H 1
| #define HAVE_SYS_STAT_H 1
| #define HAVE_STDLIB_H 1
| #define HAVE_STRING_H 1
| #define HAVE_MEMORY_H 1
| #define HAVE_STRINGS_H 1
| #define HAVE_INTTYPES_H 1
| #define HAVE_STDINT_H 1
| #define HAVE_UNISTD_H 1
| #define __EXTENSIONS__ 1
| #define _ALL_SOURCE 1
| #define _GNU_SOURCE 1
| #define _POSIX_PTHREAD_SEMANTICS 1
| #define _TANDEM_SOURCE 1
| #define HAVE_DLFCN_H 1
| /* end confdefs.h.  */
| #include <ac_nonexistent.h>
configure:8363: checking for objdir
configure:8378: result: .libs
configure:8674: checking if gcc -std=gnu99 supports -fno-rtti -fno-exceptions
configure:8692: gcc -std=gnu99 -c -g -O2  -fno-rtti -fno-exceptions conftest.c >&5
cc1: warning: command line option "-fno-rtti" is valid for C++/ObjC++ but not for C
configure:8696: $? = 0
configure:8709: result: no
configure:8729: checking for gcc -std=gnu99 option to produce PIC
configure:9001: result: -fPIC -DPIC
configure:9013: checking if gcc -std=gnu99 PIC flag -fPIC -DPIC works
configure:9031: gcc -std=gnu99 -c -g -O2  -fPIC -DPIC -DPIC conftest.c >&5
configure:9035: $? = 0
configure:9048: result: yes
configure:9072: checking if gcc -std=gnu99 static flag -static works
configure:9100: result: yes
configure:9115: checking if gcc -std=gnu99 supports -c -o file.o
configure:9136: gcc -std=gnu99 -c -g -O2  -o out/conftest2.o conftest.c >&5
configure:9140: $? = 0
configure:9162: result: yes
configure:9170: checking if gcc -std=gnu99 supports -c -o file.o
configure:9217: result: yes
configure:9250: checking whether the gcc -std=gnu99 linker (/usr/bin/ld) supports shared libraries
configure:10241: result: yes
configure:10278: checking whether -lc should be explicitly linked in
configure:10283: gcc -std=gnu99 -c -g -O2  conftest.c >&5
configure:10286: $? = 0
configure:10301: gcc -std=gnu99 -shared conftest.o  -v -Wl,-soname -Wl,conftest -o conftest 2\>\&1 \| /bin/grep  -lc  \>/dev/null 2\>\&1
configure:10304: $? = 0
configure:10316: result: no
configure:10480: checking dynamic linker characteristics
configure:10913: gcc -std=gnu99 -o conftest -g -O2   -Wl,-rpath -Wl,/foo conftest.c  >&5
configure:10913: $? = 0
configure:11143: result: GNU/Linux ld.so
configure:11245: checking how to hardcode library paths into programs
configure:11270: result: immediate
configure:11790: checking whether stripping libraries is possible
configure:11795: result: yes
configure:11830: checking if libtool supports shared libraries
configure:11832: result: yes
configure:11835: checking whether to build shared libraries
configure:11856: result: yes
configure:11859: checking whether to build static libraries
configure:11863: result: yes
configure:12013: checking for ld used by g++
configure:12080: result: /usr/bin/ld
configure:12087: checking if the linker (/usr/bin/ld) is GNU ld
configure:12102: result: yes
configure:12157: checking whether the g++ linker (/usr/bin/ld) supports shared libraries
configure:13070: result: yes
configure:13098: g++ -c -g -O2  conftest.cpp >&5
configure:13101: $? = 0
configure:13283: checking for g++ option to produce PIC
configure:13600: result: -fPIC -DPIC
configure:13609: checking if g++ PIC flag -fPIC -DPIC works
configure:13627: g++ -c -g -O2  -fPIC -DPIC -DPIC conftest.cpp >&5
configure:13631: $? = 0
configure:13644: result: yes
configure:13665: checking if g++ static flag -static works
configure:13693: result: yes
configure:13705: checking if g++ supports -c -o file.o
configure:13726: g++ -c -g -O2  -o out/conftest2.o conftest.cpp >&5
configure:13730: $? = 0
configure:13752: result: yes
configure:13757: checking if g++ supports -c -o file.o
configure:13804: result: yes
configure:13834: checking whether the g++ linker (/usr/bin/ld) supports shared libraries
configure:13863: result: yes
configure:14000: checking dynamic linker characteristics
configure:14381: g++ -o conftest -g -O2   -Wl,-rpath -Wl,/foo conftest.cpp  >&5
configure:14381: $? = 0
configure:14611: result: GNU/Linux ld.so
configure:14662: checking how to hardcode library paths into programs
configure:14687: result: immediate
configure:14799: checking for pkg-config
configure:14817: found /usr/bin/pkg-config
configure:14829: result: /usr/bin/pkg-config
configure:14854: checking pkg-config is at least version 0.9.0
configure:14857: result: yes
configure:14867: checking for libcap_stream
configure:14874: $PKG_CONFIG --exists --print-errors "libcap_stream-0.7 >= 0.7.3"
configure:14877: $? = 0
configure:14890: $PKG_CONFIG --exists --print-errors "libcap_stream-0.7 >= 0.7.3"
configure:14893: $? = 0
configure:14950: result: yes
configure:15634: creating ./config.status

## ---------------- ##
## Cache variables. ##
## ---------------- ##

ac_cv_build=i686-pc-linux-gnu
ac_cv_c_compiler_gnu=yes
ac_cv_cxx_compiler_gnu=yes
ac_cv_env_CCC_set=
ac_cv_env_CCC_value=
ac_cv_env_CC_set=
ac_cv_env_CC_value=
ac_cv_env_CFLAGS_set=
ac_cv_env_CFLAGS_value=
ac_cv_env_CPPFLAGS_set=
ac_cv_env_CPPFLAGS_value=
ac_cv_env_CPP_set=
ac_cv_env_CPP_value=
ac_cv_env_CXXCPP_set=
ac_cv_env_CXXCPP_value=
ac_cv_env_CXXFLAGS_set=
ac_cv_env_CXXFLAGS_value=
ac_cv_env_CXX_set=
ac_cv_env_CXX_value=
ac_cv_env_LDFLAGS_set=
ac_cv_env_LDFLAGS_value=
ac_cv_env_LIBS_set=
ac_cv_env_LIBS_value=
ac_cv_env_PKG_CONFIG_LIBDIR_set=
ac_cv_env_PKG_CONFIG_LIBDIR_value=
ac_cv_env_PKG_CONFIG_PATH_set=set
ac_cv_env_PKG_CONFIG_PATH_value=:/home/dsv/prefix/npldp/lib/pkgconfig
ac_cv_env_PKG_CONFIG_set=
ac_cv_env_PKG_CONFIG_value=
ac_cv_env_PYTHON_CONFIG_set=
ac_cv_env_PYTHON_CONFIG_value=
ac_cv_env_PYTHON_INCLUDE_set=
ac_cv_env_PYTHON_INCLUDE_value=
ac_cv_env_build_alias_set=
ac_cv_env_build_alias_value=
ac_cv_env_glib_CFLAGS_set=
ac_cv_env_glib_CFLAGS_value=
ac_cv_env_glib_LIBS_set=
ac_cv_env_glib_LIBS_value=
ac_cv_env_gtk_CFLAGS_set=
ac_cv_env_gtk_CFLAGS_value=
ac_cv_env_gtk_LIBS_set=
ac_cv_env_gtk_LIBS_value=
ac_cv_env_gtkglext_CFLAGS_set=
ac_cv_env_gtkglext_CFLAGS_value=
ac_cv_env_gtkglext_LIBS_set=
ac_cv_env_gtkglext_LIBS_value=
ac_cv_env_host_alias_set=
ac_cv_env_host_alias_value=
ac_cv_env_libcap_stream_CFLAGS_set=
ac_cv_env_libcap_stream_CFLAGS_value=
ac_cv_env_libcap_stream_LIBS_set=
ac_cv_env_libcap_stream_LIBS_value=
ac_cv_env_target_alias_set=
ac_cv_env_target_alias_value=
ac_cv_header_dlfcn_h=yes
ac_cv_header_inttypes_h=yes
ac_cv_header_memory_h=yes
ac_cv_header_minix_config_h=no
ac_cv_header_stdc=yes
ac_cv_header_stdint_h=yes
ac_cv_header_stdlib_h=yes
ac_cv_header_string_h=yes
ac_cv_header_strings_h=yes
ac_cv_header_sys_stat_h=yes
ac_cv_header_sys_types_h=yes
ac_cv_header_unistd_h=yes
ac_cv_host=i686-pc-linux-gnu
ac_cv_objext=o
ac_cv_path_EGREP='/bin/grep -E'
ac_cv_path_FGREP='/bin/grep -F'
ac_cv_path_GREP=/bin/grep
ac_cv_path_SED=/bin/sed
ac_cv_path_ac_pt_PKG_CONFIG=/usr/bin/pkg-config
ac_cv_path_install='/usr/bin/install -c'
ac_cv_path_mkdir=/bin/mkdir
ac_cv_prog_AWK=mawk
ac_cv_prog_CPP='gcc -std=gnu99 -E'
ac_cv_prog_CXXCPP='g++ -E'
ac_cv_prog_ac_ct_AR=ar
ac_cv_prog_ac_ct_CC=gcc
ac_cv_prog_ac_ct_CXX=g++
ac_cv_prog_ac_ct_OBJDUMP=objdump
ac_cv_prog_ac_ct_RANLIB=ranlib
ac_cv_prog_ac_ct_STRIP=strip
ac_cv_prog_cc_c89=
ac_cv_prog_cc_c99=-std=gnu99
ac_cv_prog_cc_g=yes
ac_cv_prog_cc_gcc_c_o=yes
ac_cv_prog_cxx_g=yes
ac_cv_prog_make_make_set=yes
ac_cv_safe_to_define___extensions__=yes
am_cv_CC_dependencies_compiler_type=gcc3
am_cv_CXX_dependencies_compiler_type=gcc3
lt_cv_deplibs_check_method=pass_all
lt_cv_file_magic_cmd='$MAGIC_CMD'
lt_cv_file_magic_test_file=
lt_cv_ld_reload_flag=-r
lt_cv_nm_interface='BSD nm'
lt_cv_objdir=.libs
lt_cv_path_LD=/usr/bin/ld
lt_cv_path_LDCXX=/usr/bin/ld
lt_cv_path_NM='/usr/bin/nm -B'
lt_cv_prog_compiler_c_o=yes
lt_cv_prog_compiler_c_o_CXX=yes
lt_cv_prog_compiler_pic_works=yes
lt_cv_prog_compiler_pic_works_CXX=yes
lt_cv_prog_compiler_rtti_exceptions=no
lt_cv_prog_compiler_static_works=yes
lt_cv_prog_compiler_static_works_CXX=yes
lt_cv_prog_gnu_ld=yes
lt_cv_prog_gnu_ldcxx=yes
lt_cv_sys_global_symbol_pipe='sed -n -e '\''s/^.*[	 ]\([ABCDGIRSTW][ABCDGIRSTW]*\)[	 ][	 ]*\([_A-Za-z][_A-Za-z0-9]*\)$/\1 \2 \2/p'\'''
lt_cv_sys_global_symbol_to_c_name_address='sed -n -e '\''s/^: \([^ ]*\) $/  {\"\1\", (void *) 0},/p'\'' -e '\''s/^[ABCDGIRSTW]* \([^ ]*\) \([^ ]*\)$/  {"\2", (void *) \&\2},/p'\'''
lt_cv_sys_global_symbol_to_c_name_address_lib_prefix='sed -n -e '\''s/^: \([^ ]*\) $/  {\"\1\", (void *) 0},/p'\'' -e '\''s/^[ABCDGIRSTW]* \([^ ]*\) \(lib[^ ]*\)$/  {"\2", (void *) \&\2},/p'\'' -e '\''s/^[ABCDGIRSTW]* \([^ ]*\) \([^ ]*\)$/  {"lib\2", (void *) \&\2},/p'\'''
lt_cv_sys_global_symbol_to_cdecl='sed -n -e '\''s/^T .* \(.*\)$/extern int \1();/p'\'' -e '\''s/^[ABCDGIRSTW]* .* \(.*\)$/extern char \1;/p'\'''
lt_cv_sys_max_cmd_len=805306365
pkg_cv_libcap_stream_CFLAGS='-I/home/dsv/prefix/npldp/include  '
pkg_cv_libcap_stream_LIBS='-L/home/dsv/prefix/npldp/lib -lcap_stream-07  '

## ----------------- ##
## Output variables. ##
## ----------------- ##

ACLOCAL='${SHELL} /home/pal/dpmi/consumer/build-aux/missing --run aclocal-1.11'
AMDEPBACKSLASH='\'
AMDEP_FALSE='#'
AMDEP_TRUE=''
AMTAR='${SHELL} /home/pal/dpmi/consumer/build-aux/missing --run tar'
AM_BACKSLASH='\'
AM_DEFAULT_VERBOSITY='0'
AR='ar'
AUTOCONF='${SHELL} /home/pal/dpmi/consumer/build-aux/missing --run autoconf'
AUTOHEADER='${SHELL} /home/pal/dpmi/consumer/build-aux/missing --run autoheader'
AUTOMAKE='${SHELL} /home/pal/dpmi/consumer/build-aux/missing --run automake-1.11'
AWK='mawk'
BUILD_GTK_FALSE=''
BUILD_GTK_TRUE='#'
BUILD_PYTHON_FALSE=''
BUILD_PYTHON_TRUE='#'
CC='gcc -std=gnu99'
CCDEPMODE='depmode=gcc3'
CFLAGS='-g -O2'
CPP='gcc -std=gnu99 -E'
CPPFLAGS=''
CXX='g++'
CXXCPP='g++ -E'
CXXDEPMODE='depmode=gcc3'
CXXFLAGS='-g -O2'
CYGPATH_W='echo'
DEFS='-DHAVE_CONFIG_H'
DEPDIR='.deps'
DSYMUTIL=''
DUMPBIN=''
ECHO_C=''
ECHO_N='-n'
ECHO_T=''
EGREP='/bin/grep -E'
EXEEXT=''
FGREP='/bin/grep -F'
GREP='/bin/grep'
INSTALL_DATA='${INSTALL} -m 644'
INSTALL_PROGRAM='${INSTALL}'
INSTALL_SCRIPT='${INSTALL}'
INSTALL_STRIP_PROGRAM='$(install_sh) -c -s'
LD='/usr/bin/ld'
LDFLAGS=''
LIBOBJS=''
LIBS=''
LIBTOOL='$(SHELL) $(top_builddir)/libtool'
LIPO=''
LN_S='ln -s'
LTLIBOBJS=''
MAKEINFO='${SHELL} /home/pal/dpmi/consumer/build-aux/missing --run makeinfo'
MKDIR_P='/bin/mkdir -p'
NM='/usr/bin/nm -B'
NMEDIT=''
OBJDUMP='objdump'
OBJEXT='o'
OTOOL64=''
OTOOL=''
PACKAGE='consumer'
PACKAGE_BUGREPORT='dsv@bth.se'
PACKAGE_NAME='consumer'
PACKAGE_STRING='consumer 2'
PACKAGE_TARNAME='consumer'
PACKAGE_URL=''
PACKAGE_VERSION='2'
PATH_SEPARATOR=':'
PKG_CONFIG='/usr/bin/pkg-config'
PKG_CONFIG_LIBDIR=''
PKG_CONFIG_PATH=':/home/dsv/prefix/npldp/lib/pkgconfig'
PYTHON=''
PYTHON_CONFIG=''
PYTHON_EXEC_PREFIX=''
PYTHON_INCLUDE=''
PYTHON_PLATFORM=''
PYTHON_PREFIX=''
PYTHON_VERSION=''
RANLIB='ranlib'
SED='/bin/sed'
SET_MAKE=''
SHELL='/bin/bash'
STRIP='strip'
VERSION='2'
ac_ct_CC='gcc'
ac_ct_CXX='g++'
ac_ct_DUMPBIN=''
am__EXEEXT_FALSE=''
am__EXEEXT_TRUE='#'
am__fastdepCC_FALSE='#'
am__fastdepCC_TRUE=''
am__fastdepCXX_FALSE='#'
am__fastdepCXX_TRUE=''
am__include='include'
am__isrc=' -I$(srcdir)'
am__leading_dot='.'
am__quote=''
am__tar='${AMTAR} chof - "$$tardir"'
am__untar='${AMTAR} xf -'
bindir='${exec_prefix}/bin'
build='i686-pc-linux-gnu'
build_alias=''
build_cpu='i686'
build_os='linux-gnu'
build_vendor='pc'
datadir='${datarootdir}'
datarootdir='${prefix}/share'
docdir='${datarootdir}/doc/${PACKAGE_TARNAME}'
dvidir='${docdir}'
exec_prefix='${prefix}'
glib_CFLAGS=''
glib_LIBS=''
gtk_CFLAGS=''
gtk_LIBS=''
gtkglext_CFLAGS=''
gtkglext_LIBS=''
host='i686-pc-linux-gnu'
host_alias=''
host_cpu='i686'
host_os='linux-gnu'
host_vendor='pc'
htmldir='${docdir}'
includedir='${prefix}/include'
infodir='${datarootdir}/info'
install_sh='${SHELL} /home/pal/dpmi/consumer/build-aux/install-sh'
libcap_stream_CFLAGS='-I/home/dsv/prefix/npldp/include  '
libcap_stream_LIBS='-L/home/dsv/prefix/npldp/lib -lcap_stream-07  '
libdir='${exec_prefix}/lib'
libexecdir='${exec_prefix}/libexec'
localedir='${datarootdir}/locale'
localstatedir='${prefix}/var'
lt_ECHO='echo'
mandir='${datarootdir}/man'
mkdir_p='/bin/mkdir -p'
oldincludedir='/usr/include'
pdfdir='${docdir}'
pkgpyexecdir=''
pkgpythondir=''
prefix='/home/dsv/prefix/npldp'
program_transform_name='s,x,x,'
psdir='${docdir}'
pyexecdir=''
pythondir=''
sbindir='${exec_prefix}/sbin'
sharedstatedir='${prefix}/com'
sysconfdir='${prefix}/etc'
target_alias=''

## ----------- ##
## confdefs.h. ##
## ----------- ##

/* confdefs.h */
#define PACKAGE_NAME "consumer"
#define PACKAGE_TARNAME "consumer"
#define PACKAGE_VERSION "2"
#define PACKAGE_STRING "consumer 2"
#define PACKAGE_BUGREPORT "dsv@bth.se"
#define PACKAGE_URL ""
#define PACKAGE "consumer"
#define VERSION "2"
#define STDC_HEADERS 1
#define HAVE_SYS_TYPES_H 1
#define HAVE_SYS_STAT_H 1
#define HAVE_STDLIB_H 1
#define HAVE_STRING_H 1
#define HAVE_MEMORY_H 1
#define HAVE_STRINGS_H 1
#define HAVE_INTTYPES_H 1
#define HAVE_STDINT_H 1
#define HAVE_UNISTD_H 1
#define __EXTENSIONS__ 1
#define _ALL_SOURCE 1
#define _GNU_SOURCE 1
#define _POSIX_PTHREAD_SEMANTICS 1
#define _TANDEM_SOURCE 1
#define HAVE_DLFCN_H 1
#define LT_OBJDIR ".libs/"

configure: exit 0

## ---------------------- ##
## Running config.status. ##
## ---------------------- ##

This file was extended by consumer config.status 2, which was
generated by GNU Autoconf 2.67.  Invocation command line was

  CONFIG_FILES    = 
  CONFIG_HEADERS  = 
  CONFIG_LINKS    = 
  CONFIG_COMMANDS = 
  $ ./config.status 

on dsv-PowerEdge-860

config.status:1163: creating Makefile
config.status:1163: creating config.h
config.status:1328: config.h is unchanged
config.status:1376: executing depfiles commands
config.status:1376: executing libtool commands

## ---------------------- ##
## Running config.status. ##
## ---------------------- ##

This file was extended by consumer config.status 2, which was
generated by GNU Autoconf 2.67.  Invocation command line was

  CONFIG_FILES    = 
  CONFIG_HEADERS  = 
  CONFIG_LINKS    = 
  CONFIG_COMMANDS = 
  $ ./config.status config.h

on dsv-PowerEdge-860

config.status:1163: creating config.h
config.status:1328: config.h is unchanged
